{
  "RSpec": {
    "coverage": {
      "/Users/peter/dev/pingpong-master/app/controllers/games_controller.rb": [
        1,
        null,
        1,
        3,
        null,
        null,
        1,
        0,
        0,
        null,
        null,
        1,
        0,
        0,
        0,
        null,
        0,
        0,
        null,
        null,
        null,
        1,
        null,
        1,
        0,
        null,
        null
      ],
      "/Users/peter/dev/pingpong-master/app/controllers/application_controller.rb": [
        1,
        null,
        null,
        1,
        1,
        null,
        null
      ],
      "/Users/peter/dev/pingpong-master/app/models/game.rb": [
        1,
        null,
        1,
        null,
        1,
        null,
        1,
        1,
        1,
        null,
        1,
        null,
        1,
        0,
        null,
        null,
        1,
        0,
        0,
        null,
        null,
        1,
        5,
        null,
        null,
        1,
        5,
        null,
        null,
        1,
        null,
        1,
        3,
        3,
        3,
        null,
        null,
        null
      ],
      "/Users/peter/dev/pingpong-master/app/models/rating_calculator.rb": [
        1,
        null,
        1,
        null,
        1,
        3,
        3,
        3,
        0,
        null,
        0,
        null,
        3,
        null,
        3,
        null,
        null,
        null
      ],
      "/Users/peter/dev/pingpong-master/app/controllers/home_controller.rb": [
        0,
        0,
        0,
        0,
        0,
        0,
        0
      ],
      "/Users/peter/dev/pingpong-master/app/helpers/application_helper.rb": [
        0,
        0,
        0,
        0,
        0,
        0,
        0,
        0,
        0,
        0
      ],
      "/Users/peter/dev/pingpong-master/app/helpers/games_helper.rb": [
        0,
        0
      ],
      "/Users/peter/dev/pingpong-master/app/models/user.rb": [
        0,
        0,
        0,
        0,
        0,
        0,
        0,
        0,
        0,
        0,
        0,
        0,
        0,
        0,
        0,
        0,
        0,
        0
      ]
    },
    "timestamp": 1488238606
  }
}
